<?xml version="1.0" encoding="UTF-8"?>
<testsuite xmlns:xsi="http://www.w3.org/2001/XMLSchema-instance" xsi:noNamespaceSchemaLocation="https://maven.apache.org/surefire/maven-surefire-plugin/xsd/surefire-test-report-3.0.xsd" version="3.0" name="de.sfuhrm.genetic.intarrayguessing.IntGuessingDefinitionTest" time="0.081" tests="3" errors="0" skipped="0" failures="0">
  <properties>
[...]
</properties>
  <testcase name="newRandomHypothesis" classname="de.sfuhrm.genetic.intarrayguessing.IntGuessingDefinitionTest" time="0.036"/>
  <testcase name="mutateHypothesis" classname="de.sfuhrm.genetic.intarrayguessing.IntGuessingDefinitionTest" time="0.001"/>
  <testcase name="initialize" classname="de.sfuhrm.genetic.intarrayguessing.IntGuessingDefinitionTest" time="0"/>
</testsuite>